06.02.2016 19:03:13 Program started
06.02.2016 19:03:13 Checking base
06.02.2016 19:03:13 Base error #0
06.02.2016 19:04:44 Program exit with exitcode 5
06.02.2016 19:04:48 Program started
06.02.2016 19:04:48 Checking base
06.02.2016 19:04:48 Base error #0
06.02.2016 19:04:49 Program exit with exitcode 5
06.02.2016 19:05:22 Program started
06.02.2016 19:05:22 Checking base
06.02.2016 19:05:22 Base error #0
06.02.2016 19:05:27 Program exit with exitcode 5
06.02.2016 19:06:07 Program started
06.02.2016 19:06:07 Checking base
06.02.2016 19:06:07 Base error #0
06.02.2016 19:06:15 Program exit with exitcode 5
06.02.2016 19:06:57 Program started
06.02.2016 19:06:57 Checking base
06.02.2016 19:06:57 Get OS version
06.02.2016 19:06:57 Get devices list
06.02.2016 19:06:59 Print devices
06.02.2016 19:07:07 Search drivers
06.02.2016 19:07:07 Search done. Printing
06.02.2016 19:07:50 Program started
06.02.2016 19:07:50 Checking base
06.02.2016 19:07:50 Get OS version
06.02.2016 19:07:50 Get devices list
06.02.2016 19:07:51 Print devices
06.02.2016 19:07:53 Search drivers
06.02.2016 19:07:53 Search done. Printing
06.02.2016 19:08:40 Program started
06.02.2016 19:08:40 Checking base
06.02.2016 19:08:40 Get OS version
06.02.2016 19:08:40 Get devices list
06.02.2016 19:08:41 Print devices
06.02.2016 19:08:42 Search drivers
06.02.2016 19:08:42 Search done. Printing
06.02.2016 19:09:14 Program started
06.02.2016 19:09:14 Checking base
06.02.2016 19:09:14 Get OS version
06.02.2016 19:09:14 Get devices list
06.02.2016 19:09:15 Print devices
06.02.2016 19:09:18 Search drivers
06.02.2016 19:09:18 Search done. Printing
06.02.2016 19:09:54 Program exit with exitcode 0
06.02.2016 19:19:09 Program started
06.02.2016 19:19:09 Checking base
06.02.2016 19:19:09 Get OS version
06.02.2016 19:19:09 Get devices list
06.02.2016 19:19:11 Print devices
06.02.2016 19:19:13 Search drivers
06.02.2016 19:19:13 Search done. No drivers found
06.02.2016 19:19:13 Program exit with exitcode 0
06.02.2016 19:19:27 Program started
06.02.2016 19:19:27 Checking base
06.02.2016 19:19:27 Get OS version
06.02.2016 19:19:27 Get devices list
06.02.2016 19:19:28 Print devices
06.02.2016 19:19:30 Search drivers
06.02.2016 19:19:30 Search done. No drivers found
06.02.2016 19:19:31 Program exit with exitcode 0
06.02.2016 19:21:27 Program started
06.02.2016 19:21:27 Checking base
06.02.2016 19:21:27 Get OS version
06.02.2016 19:21:27 Get devices list
06.02.2016 19:21:29 Print devices
06.02.2016 19:21:30 Search drivers
06.02.2016 19:21:30 Search done. No drivers found
06.02.2016 19:21:30 Program exit with exitcode 0
06.02.2016 19:22:42 Program started
06.02.2016 19:22:42 Checking base
06.02.2016 19:22:42 Get OS version
06.02.2016 19:22:42 Get devices list
06.02.2016 19:22:44 Print devices
06.02.2016 19:22:45 Search drivers
06.02.2016 19:22:45 Search done. No drivers found
06.02.2016 19:22:45 Program exit with exitcode 0
06.02.2016 19:23:23 Program started
06.02.2016 19:23:23 Checking base
06.02.2016 19:23:23 Get OS version
06.02.2016 19:23:23 Get devices list
06.02.2016 19:23:24 Print devices
06.02.2016 19:23:25 Search drivers
06.02.2016 19:23:25 Search done. No drivers found
06.02.2016 19:23:25 Program exit with exitcode 0
06.02.2016 19:24:20 Program started
06.02.2016 19:24:20 Checking base
06.02.2016 19:24:20 Get OS version
06.02.2016 19:24:20 Get devices list
06.02.2016 19:24:22 Print devices
06.02.2016 19:24:22 Search drivers
06.02.2016 19:24:22 Search done. No drivers found
06.02.2016 19:24:22 Program exit with exitcode 0
06.02.2016 19:25:02 Program started
06.02.2016 19:25:02 Checking base
06.02.2016 19:25:02 Get OS version
06.02.2016 19:25:02 Get devices list
06.02.2016 19:25:03 Print devices
06.02.2016 19:25:04 Search drivers
06.02.2016 19:25:04 Search done. No drivers found
06.02.2016 19:25:04 Program exit with exitcode 0
06.02.2016 19:26:04 Program started
06.02.2016 19:26:04 Checking base
06.02.2016 19:26:04 Get OS version
06.02.2016 19:26:04 Get devices list
06.02.2016 19:26:05 Print devices
06.02.2016 19:26:06 Search drivers
06.02.2016 19:26:06 Search done. No drivers found
06.02.2016 19:26:06 Program exit with exitcode 0
06.02.2016 19:26:33 Program started
06.02.2016 19:26:33 Checking base
06.02.2016 19:26:33 Get OS version
06.02.2016 19:26:33 Get devices list
06.02.2016 19:26:34 Print devices
06.02.2016 19:26:35 Search drivers
06.02.2016 19:26:35 Search done. No drivers found
06.02.2016 19:26:35 Program exit with exitcode 0
06.02.2016 19:27:00 Program started
06.02.2016 19:27:00 Checking base
06.02.2016 19:27:00 Get OS version
06.02.2016 19:27:00 Get devices list
06.02.2016 19:27:01 Print devices
06.02.2016 19:27:02 Search drivers
06.02.2016 19:27:02 Search done. No drivers found
06.02.2016 19:27:02 Program exit with exitcode 0
06.02.2016 19:27:34 Program started
06.02.2016 19:27:34 Checking base
06.02.2016 19:27:34 Get OS version
06.02.2016 19:27:34 Get devices list
06.02.2016 19:27:36 Print devices
06.02.2016 19:27:39 Search drivers
06.02.2016 19:27:39 Search done. Printing
06.02.2016 19:28:18 Program exit with exitcode 0
06.02.2016 19:29:37 Program started
06.02.2016 19:29:37 Checking base
06.02.2016 19:29:37 Get OS version
06.02.2016 19:29:37 Get devices list
06.02.2016 19:29:38 Print devices
06.02.2016 19:29:39 Search drivers
06.02.2016 19:29:39 Search done. Printing
06.02.2016 19:29:44 Program exit with exitcode 0
06.02.2016 19:30:51 Program started
06.02.2016 19:30:51 Checking base
06.02.2016 19:30:51 Get OS version
06.02.2016 19:30:51 Get devices list
06.02.2016 19:30:52 Print devices
06.02.2016 19:31:09 Search drivers
06.02.2016 19:31:09 Search done. Printing
06.02.2016 19:31:19 Program exit with exitcode 0
06.02.2016 19:33:04 Program started
06.02.2016 19:33:04 Checking base
06.02.2016 19:33:04 Get OS version
06.02.2016 19:33:04 Get devices list
06.02.2016 19:33:05 Print devices
06.02.2016 19:33:06 Search drivers
06.02.2016 19:33:06 Search done. No drivers found
06.02.2016 19:33:06 Program exit with exitcode 0
06.02.2016 19:33:20 Program started
06.02.2016 19:33:20 Checking base
06.02.2016 19:33:20 Get OS version
06.02.2016 19:33:20 Get devices list
06.02.2016 19:33:21 Print devices
06.02.2016 19:33:22 Search drivers
06.02.2016 19:33:22 Search done. Printing
06.02.2016 19:33:26 Program exit with exitcode 0
